37.536649
1822.810193
475.184175
1277.795758
78.517514
2771.740428
84.770278
416.617330
122.674366
70.028566
472.349447
172.244013
100.169856
3190.381795
864.097795
123.967738
161.111762
816.275689
1417.923129
1231.082857
222.427516
260.301748
273.029302
1028.518352
113.159180
265.800677
2173.196954
1707.756716
870.366589
69.656299
268.151077
424.482037
325.861934
779.523572
165.302753
1184.585159
102.956301
280.251673
1651.657652
619.948385
293.307006
257.099203
4389.586313
435.624839
1435.989554
430.620483
168.671278
1587.296129
13814.077023
133.416641
156.524758
563.131423
250.571347
231.464900
206.021844
185.456194
1768.120471
366.456000
48.703183
419.153910
637.433134
1269.744069
237.892833
702.078343
194.033502
130.598622
713.944676
329.309884
313.231544
187.181730
86.452299
164.711870
607.415015
830.291515
429.242356
458.917204
908.181700
382.461763
1056.955061
224.928878
698.451144
997.536967
210.152326
106.254412
336.481797
235.212670
144.682411
63.031738
4173.341347
1368.387737
316.400063
3170.211665
127.098387
65.924199
146.751491
1191.782698
399.741166
101.788997
237.693079
609.449752
1605.865810
133.330417
1683.981591
137.003650
3266.233458
330.600968
222.281353
397.412884
246.465008
487.591017
146.013698
287.835022
579.249514
1463.627343
654.358464
6623.171748
87.114867
159.477271
4248.156894
358.235956
552.471719
125.574679
102.591423
249.905982
621.927649
229.026199
244.724335
26.000000
891.776317
2045.695236
482.780488
134.807270
175.000000
545.310920
103.004854
331.549393
965.853509
30.675723
213.964950
237.690976
183.095603
936.244092
244.969386
70.774289
821.112051
9081.189349
829.218910
721.568431
1260.864783
116.275535
168.620877
1086.267462
249.226804
384.033853
116.017240
64.381674
134.212518
6244.496537
112.294256
498.731391
172.539850
237.697286
357.302393
800.178105
182.608872
2237.715353
542.554145
182.123584
66.241981
210.380607
688.698047
253.250864
623.873385
85.041167
282.194968
32951.671839
411.004866
313.129366
72.124892
118.406081
406.369290
111.646764
455.108778
411.363586
159.806133
144.069428
170.941510
349.905702
828.428029
261.204900
2204.348883
487.025667
204.352636
4985.292870
164.258942
145.838952
142.800560
88.526832
11748.292216
512.746526
7.280110
293.482538
298.429221
182.833257
177.101666
425.766368
1170.882146
5042.840965
592.558014
186.043006
114.542569
292.742207
148.529458
3002.600540
147.078210
1302.606618
38.327536
333.318166
166.811271
77.006493
470.106371
291.096204
1375.721629
375.755239
2865.444468
2246.487258
495.238326
311.661676
308.520664
274.881793
204.166599
236.883938
24.351591
34.058773
198.635344
292.692672
252.873486
116.211015
965.883016
208.520982
2470.423850
238.757199
478.440174
543.897968
131.487642
223.573254
67.268120
9708.254735
354.515162
4651.939488
191.023559
131.700418
694.103739
68.249542
258.544000
108.669223
81.271151
1805.211345
590.092366
597.929762
519.357295
254.017716
176.298043
184.945938
1018.328532
137.411790
133.689940
2212.048824
160.561515
81.154174
508.129905
967.843996
205.718254
534.584886
485.828159
273.514168
402.587879
33.241540
1335.078275
2661.846164
202.230067
150.602125
149.833241
175.934647
530.407391
52.000000
43.566042
1020.886869
86.278618
128.132744
1258.632989
303.606653
66.850580
273.585453
181.069048
92.314679
184.740358
167.370846
159.012578
858.146841
138.917242
